<?xml version="1.0" encoding="UTF-8"?>
<testng-results skipped="0" failed="0" ignored="0" total="1" passed="1">
  <reporter-output>
  </reporter-output>
  <suite name="Suite" duration-ms="3191" started-at="2018-11-18T02:03:40Z" finished-at="2018-11-18T02:03:43Z">
    <groups>
    </groups>
    <test name="Test" duration-ms="3191" started-at="2018-11-18T02:03:40Z" finished-at="2018-11-18T02:03:43Z">
      <class name="tests.sampleTestJenkins">
        <test-method status="PASS" signature="SetupScripts()[pri:0, instance:tests.sampleTestJenkins@eafc191]" name="SetupScripts" is-config="true" duration-ms="976" started-at="2018-11-18T02:03:40Z" finished-at="2018-11-18T02:03:41Z">
          <reporter-output>
          </reporter-output>
        </test-method> <!-- SetupScripts -->
        <test-method status="PASS" signature="createDriver()[pri:0, instance:tests.sampleTestJenkins@eafc191]" name="createDriver" is-config="true" duration-ms="1303" started-at="2018-11-18T02:03:41Z" finished-at="2018-11-18T02:03:42Z">
          <reporter-output>
          </reporter-output>
        </test-method> <!-- createDriver -->
        <test-method status="PASS" signature="testMyApp()[pri:0, instance:tests.sampleTestJenkins@eafc191]" name="testMyApp" duration-ms="338" started-at="2018-11-18T02:03:42Z" finished-at="2018-11-18T02:03:42Z">
          <reporter-output>
          </reporter-output>
        </test-method> <!-- testMyApp -->
        <test-method status="PASS" signature="destroyDriver()[pri:0, instance:tests.sampleTestJenkins@eafc191]" name="destroyDriver" is-config="true" duration-ms="562" started-at="2018-11-18T02:03:42Z" finished-at="2018-11-18T02:03:43Z">
          <reporter-output>
          </reporter-output>
        </test-method> <!-- destroyDriver -->
      </class> <!-- tests.sampleTestJenkins -->
    </test> <!-- Test -->
  </suite> <!-- Suite -->
</testng-results>
